<?xml version="1.0" encoding="UTF-8"?>
<!-- Generated by org.testng.reporters.JUnitXMLReporter -->
<testsuite ignored="0" hostname="PIO-L-4110" failures="1" tests="2" name="Surefire test" time="14.419" errors="0" timestamp="02 Jul 2024 13:37:55 GMT">
  <testcase classname="com.nucleus.qa.testcases.InfinityTest" name="InfinityTest" time="0.239">
    <failure type="java.lang.NoSuchFieldError" message="Factory">
      <![CDATA[java.lang.NoSuchFieldError: Factory
at org.apache.poi.xssf.model.ThemesTable.readFrom(ThemesTable.java:119)
at org.apache.poi.xssf.model.ThemesTable.<init>(ThemesTable.java:87)
at org.apache.poi.ooxml.POIXMLFactory.createDocumentPart(POIXMLFactory.java:61)
at org.apache.poi.ooxml.POIXMLDocumentPart.read(POIXMLDocumentPart.java:661)
at org.apache.poi.ooxml.POIXMLDocument.load(POIXMLDocument.java:165)
at org.apache.poi.xssf.usermodel.XSSFWorkbook.<init>(XSSFWorkbook.java:259)
at org.apache.poi.xssf.usermodel.XSSFWorkbook.<init>(XSSFWorkbook.java:289)
at org.apache.poi.xssf.usermodel.XSSFWorkbook.<init>(XSSFWorkbook.java:285)
at com.nucleus.qa.testcases.InfinityTest.InfinityTest(InfinityTest.java:55)
... Removed 30 stack frames]]>
    </failure>
  </testcase> <!-- InfinityTest -->
  <testcase classname="com.nucleus.qa.testcases.LoginPageTest" name="loginTest" time="7.37"/>
</testsuite> <!-- Surefire test -->
