<?xml version="1.0" encoding="UTF-8"?>
<!-- Generated by org.testng.reporters.JUnitXMLReporter -->
<testsuite ignored="2" hostname="PIO-L-4110" failures="0" tests="1" name="Default test" time="30.675" errors="0" timestamp="2024-07-31T12:45:23 IST">
  <testcase classname="com.nucleus.qa.testcases.mycollection" name="TestCase1" time="26.479"/>
  <testcase classname="com.nucleus.qa.testcases.mycollection" name="TestCase2" time="0.0">
    <ignored/>
  </testcase> <!-- TestCase2 -->
  <testcase classname="com.nucleus.qa.testcases.mycollection" name="TestCase3" time="0.0">
    <ignored/>
  </testcase> <!-- TestCase3 -->
</testsuite> <!-- Default test -->
