<?xml version="1.0" encoding="UTF-8"?>
<!-- Generated by org.testng.reporters.JUnitXMLReporter -->
<testsuite ignored="9" hostname="PIO-L-4110" failures="0" tests="1" name="Default test" time="89.111" errors="0" timestamp="2024-08-08T20:27:07 IST">
  <testcase classname="com.nucleus.qa.testcases.CoreSystemTesting" name="TestCase3" time="69.579"/>
  <testcase classname="com.nucleus.qa.testcases.CoreSystemTesting" name="TestCase9" time="0.0">
    <ignored/>
  </testcase> <!-- TestCase9 -->
  <testcase classname="com.nucleus.qa.testcases.CoreSystemTesting" name="TestCase4" time="0.0">
    <ignored/>
  </testcase> <!-- TestCase4 -->
  <testcase classname="com.nucleus.qa.testcases.CoreSystemTesting" name="TestCase1" time="0.0">
    <ignored/>
  </testcase> <!-- TestCase1 -->
  <testcase classname="com.nucleus.qa.testcases.CoreSystemTesting" name="TestCase10" time="0.0">
    <ignored/>
  </testcase> <!-- TestCase10 -->
  <testcase classname="com.nucleus.qa.testcases.CoreSystemTesting" name="TestCase2" time="0.0">
    <ignored/>
  </testcase> <!-- TestCase2 -->
  <testcase classname="com.nucleus.qa.testcases.CoreSystemTesting" name="TestCase7" time="0.0">
    <ignored/>
  </testcase> <!-- TestCase7 -->
  <testcase classname="com.nucleus.qa.testcases.CoreSystemTesting" name="TestCase8" time="0.0">
    <ignored/>
  </testcase> <!-- TestCase8 -->
  <testcase classname="com.nucleus.qa.testcases.CoreSystemTesting" name="TestCase5" time="0.0">
    <ignored/>
  </testcase> <!-- TestCase5 -->
  <testcase classname="com.nucleus.qa.testcases.CoreSystemTesting" name="TestCase6" time="0.0">
    <ignored/>
  </testcase> <!-- TestCase6 -->
</testsuite> <!-- Default test -->
