<?xml version="1.0" encoding="UTF-8"?>
<testsuite xmlns:xsi="http://www.w3.org/2001/XMLSchema-instance" xsi:noNamespaceSchemaLocation="https://maven.apache.org/surefire/maven-surefire-plugin/xsd/surefire-test-report.xsd" name="TestSuite" time="15.602" tests="2" errors="0" skipped="0" failures="1">
  <properties>
[...]
</properties>
  <testcase name="InfinityTest" classname="com.nucleus.qa.testcases.InfinityTest" time="0.244">
    <failure message="Factory" type="java.lang.NoSuchFieldError">java.lang.NoSuchFieldError: Factory
	at com.nucleus.qa.testcases.InfinityTest.InfinityTest(InfinityTest.java:55)
</failure>
    <system-err><![CDATA[Starting Microsoft Edge WebDriver 125.0.2535.67 (626a82df5fa7d0d88fbb990d069c0dd83672d0dc) on port 62511
To submit feedback, report a bug, or suggest new features, please visit https://github.com/MicrosoftEdge/EdgeWebDriver

Only local connections are allowed.
Please see https://aka.ms/WebDriverSecurity for suggestions on keeping Microsoft Edge WebDriver safe.

Microsoft Edge WebDriver was started successfully.
[1719927462.233][WARNING]: This version of Microsoft Edge WebDriver has not been tested with Microsoft Edge version 126.
Jul 02, 2024 7:07:42 PM org.openqa.selenium.remote.ProtocolHandshake createSession
INFO: Detected dialect: W3C
]]></system-err>
  </testcase>
  <testcase name="loginTest" classname="com.nucleus.qa.testcases.LoginPageTest" time="7.37"/>
</testsuite>