<?xml version="1.0" encoding="UTF-8"?>
<testng-results ignored="0" total="2" passed="1" failed="1" skipped="0">
  <reporter-output>
  </reporter-output>
  <suite started-at="2024-07-02T13:37:41Z" name="Surefire suite" finished-at="2024-07-02T13:37:55Z" duration-ms="14419">
    <groups>
    </groups>
    <test started-at="2024-07-02T13:37:41Z" name="Surefire test" finished-at="2024-07-02T13:37:55Z" duration-ms="14419">
      <class name="com.nucleus.qa.testcases.InfinityTest">
        <test-method is-config="true" signature="setUp()[pri:0, instance:com.nucleus.qa.testcases.InfinityTest@549621f3]" started-at="2024-07-02T13:37:41Z" name="setUp" finished-at="2024-07-02T13:37:45Z" duration-ms="4393" status="PASS">
          <reporter-output>
          </reporter-output>
        </test-method> <!-- setUp -->
        <test-method signature="InfinityTest()[pri:0, instance:com.nucleus.qa.testcases.InfinityTest@549621f3]" started-at="2024-07-02T13:37:45Z" name="InfinityTest" finished-at="2024-07-02T13:37:45Z" duration-ms="239" status="FAIL">
          <exception class="java.lang.NoSuchFieldError">
            <message>
              <![CDATA[Factory]]>
            </message>
            <full-stacktrace>
              <![CDATA[java.lang.NoSuchFieldError: Factory
at org.apache.poi.xssf.model.ThemesTable.readFrom(ThemesTable.java:119)
at org.apache.poi.xssf.model.ThemesTable.<init>(ThemesTable.java:87)
at org.apache.poi.ooxml.POIXMLFactory.createDocumentPart(POIXMLFactory.java:61)
at org.apache.poi.ooxml.POIXMLDocumentPart.read(POIXMLDocumentPart.java:661)
at org.apache.poi.ooxml.POIXMLDocument.load(POIXMLDocument.java:165)
at org.apache.poi.xssf.usermodel.XSSFWorkbook.<init>(XSSFWorkbook.java:259)
at org.apache.poi.xssf.usermodel.XSSFWorkbook.<init>(XSSFWorkbook.java:289)
at org.apache.poi.xssf.usermodel.XSSFWorkbook.<init>(XSSFWorkbook.java:285)
at com.nucleus.qa.testcases.InfinityTest.InfinityTest(InfinityTest.java:55)
at java.base/jdk.internal.reflect.NativeMethodAccessorImpl.invoke0(Native Method)
at java.base/jdk.internal.reflect.NativeMethodAccessorImpl.invoke(NativeMethodAccessorImpl.java:77)
at java.base/jdk.internal.reflect.DelegatingMethodAccessorImpl.invoke(DelegatingMethodAccessorImpl.java:43)
at java.base/java.lang.reflect.Method.invoke(Method.java:568)
at org.testng.internal.MethodInvocationHelper.invokeMethod(MethodInvocationHelper.java:124)
at org.testng.internal.Invoker.invokeMethod(Invoker.java:583)
at org.testng.internal.Invoker.invokeTestMethod(Invoker.java:719)
at org.testng.internal.Invoker.invokeTestMethods(Invoker.java:989)
at org.testng.internal.TestMethodWorker.invokeTestMethods(TestMethodWorker.java:125)
at org.testng.internal.TestMethodWorker.run(TestMethodWorker.java:109)
at org.testng.TestRunner.privateRun(TestRunner.java:648)
at org.testng.TestRunner.run(TestRunner.java:505)
at org.testng.SuiteRunner.runTest(SuiteRunner.java:455)
at org.testng.SuiteRunner.runSequentially(SuiteRunner.java:450)
at org.testng.SuiteRunner.privateRun(SuiteRunner.java:415)
at org.testng.SuiteRunner.run(SuiteRunner.java:364)
at org.testng.SuiteRunnerWorker.runSuite(SuiteRunnerWorker.java:52)
at org.testng.SuiteRunnerWorker.run(SuiteRunnerWorker.java:84)
at org.testng.TestNG.runSuitesSequentially(TestNG.java:1208)
at org.testng.TestNG.runSuitesLocally(TestNG.java:1137)
at org.testng.TestNG.runSuites(TestNG.java:1049)
at org.testng.TestNG.run(TestNG.java:1017)
at org.apache.maven.surefire.testng.TestNGExecutor.run(TestNGExecutor.java:135)
at org.apache.maven.surefire.testng.TestNGDirectoryTestSuite.executeMulti(TestNGDirectoryTestSuite.java:193)
at org.apache.maven.surefire.testng.TestNGDirectoryTestSuite.execute(TestNGDirectoryTestSuite.java:94)
at org.apache.maven.surefire.testng.TestNGProvider.invoke(TestNGProvider.java:146)
at org.apache.maven.surefire.booter.ForkedBooter.invokeProviderInSameClassLoader(ForkedBooter.java:384)
at org.apache.maven.surefire.booter.ForkedBooter.runSuitesInProcess(ForkedBooter.java:345)
at org.apache.maven.surefire.booter.ForkedBooter.execute(ForkedBooter.java:126)
at org.apache.maven.surefire.booter.ForkedBooter.main(ForkedBooter.java:418)
]]>
            </full-stacktrace>
          </exception> <!-- java.lang.NoSuchFieldError -->
          <reporter-output>
          </reporter-output>
        </test-method> <!-- InfinityTest -->
        <test-method is-config="true" signature="tearDown()[pri:0, instance:com.nucleus.qa.testcases.InfinityTest@549621f3]" started-at="2024-07-02T13:37:45Z" name="tearDown" finished-at="2024-07-02T13:37:45Z" duration-ms="221" status="PASS">
          <reporter-output>
          </reporter-output>
        </test-method> <!-- tearDown -->
      </class> <!-- com.nucleus.qa.testcases.InfinityTest -->
      <class name="com.nucleus.qa.testcases.LoginPageTest">
        <test-method is-config="true" signature="start()[pri:0, instance:com.nucleus.qa.testcases.LoginPageTest@332a7fce]" started-at="2024-07-02T13:37:40Z" name="start" finished-at="2024-07-02T13:37:41Z" duration-ms="23" status="PASS">
          <reporter-output>
          </reporter-output>
        </test-method> <!-- start -->
        <test-method is-config="true" signature="setUp()[pri:0, instance:com.nucleus.qa.testcases.LoginPageTest@332a7fce]" started-at="2024-07-02T13:37:45Z" name="setUp" finished-at="2024-07-02T13:37:46Z" duration-ms="982" status="PASS">
          <reporter-output>
          </reporter-output>
        </test-method> <!-- setUp -->
        <test-method signature="loginTest()[pri:0, instance:com.nucleus.qa.testcases.LoginPageTest@332a7fce]" started-at="2024-07-02T13:37:46Z" name="loginTest" finished-at="2024-07-02T13:37:54Z" duration-ms="7370" status="PASS">
          <reporter-output>
          </reporter-output>
        </test-method> <!-- loginTest -->
        <test-method is-config="true" signature="tearDown()[pri:0, instance:com.nucleus.qa.testcases.LoginPageTest@332a7fce]" started-at="2024-07-02T13:37:54Z" name="tearDown" finished-at="2024-07-02T13:37:55Z" duration-ms="1196" status="PASS">
          <reporter-output>
          </reporter-output>
        </test-method> <!-- tearDown -->
        <test-method is-config="true" signature="Exit()[pri:0, instance:com.nucleus.qa.testcases.LoginPageTest@332a7fce]" started-at="2024-07-02T13:37:55Z" name="Exit" finished-at="2024-07-02T13:37:55Z" duration-ms="254" status="PASS">
          <reporter-output>
          </reporter-output>
        </test-method> <!-- Exit -->
      </class> <!-- com.nucleus.qa.testcases.LoginPageTest -->
    </test> <!-- Surefire test -->
  </suite> <!-- Surefire suite -->
</testng-results>
