-------------------------------------------------------------------------------
Test set: TestSuite
-------------------------------------------------------------------------------
Tests run: 2, Failures: 1, Errors: 0, Skipped: 0, Time elapsed: 15.602 s <<< FAILURE! - in TestSuite
InfinityTest(com.nucleus.qa.testcases.InfinityTest)  Time elapsed: 0.244 s  <<< FAILURE!
java.lang.NoSuchFieldError: Factory
	at com.nucleus.qa.testcases.InfinityTest.InfinityTest(InfinityTest.java:55)

