<?xml version="1.0" encoding="UTF-8"?>
<testng-results ignored="11" total="12" passed="1" failed="0" skipped="0">
  <reporter-output>
  </reporter-output>
  <suite started-at="2024-08-22T20:05:05 IST" name="Default suite" finished-at="2024-08-22T20:05:36 IST" duration-ms="31095">
    <groups>
    </groups>
    <test started-at="2024-08-22T20:05:05 IST" name="Default test" finished-at="2024-08-22T20:05:36 IST" duration-ms="31095">
      <class name="com.nucleus.qa.testcases.CoreSystemTesting">
        <test-method is-config="true" signature="start()[pri:0, instance:com.nucleus.qa.testcases.CoreSystemTesting@23c650a3]" started-at="2024-08-22T20:05:05 IST" name="start" finished-at="2024-08-22T20:05:05 IST" duration-ms="14" status="PASS">
          <reporter-output>
          </reporter-output>
        </test-method> <!-- start -->
        <test-method is-config="true" signature="setUp()[pri:0, instance:com.nucleus.qa.testcases.CoreSystemTesting@23c650a3]" started-at="2024-08-22T20:05:05 IST" name="setUp" finished-at="2024-08-22T20:05:08 IST" duration-ms="2925" status="PASS">
          <reporter-output>
          </reporter-output>
        </test-method> <!-- setUp -->
        <test-method signature="TestCase11()[pri:0, instance:com.nucleus.qa.testcases.CoreSystemTesting@23c650a3]" started-at="2024-08-22T20:05:08 IST" name="TestCase11" finished-at="2024-08-22T20:05:36 IST" duration-ms="27901" status="PASS">
          <reporter-output>
          </reporter-output>
        </test-method> <!-- TestCase11 -->
        <test-method is-config="true" signature="tearDown()[pri:0, instance:com.nucleus.qa.testcases.CoreSystemTesting@23c650a3]" started-at="2024-08-22T20:05:36 IST" name="tearDown" finished-at="2024-08-22T20:05:36 IST" duration-ms="252" status="PASS">
          <reporter-output>
          </reporter-output>
        </test-method> <!-- tearDown -->
        <test-method is-config="true" signature="Exit()[pri:0, instance:com.nucleus.qa.testcases.CoreSystemTesting@23c650a3]" started-at="2024-08-22T20:05:36 IST" name="Exit" finished-at="2024-08-22T20:05:36 IST" duration-ms="314" status="PASS">
          <reporter-output>
          </reporter-output>
        </test-method> <!-- Exit -->
      </class> <!-- com.nucleus.qa.testcases.CoreSystemTesting -->
    </test> <!-- Default test -->
  </suite> <!-- Default suite -->
</testng-results>
